[web.archive.org/web/20150211222135/http_/www.trashbat.co.ck/index.html]
[web-static.archive.org/_static/js/bundle-playback5ab0.js]
[web-static.archive.org/_static/js/wombat9b8c.js]
[web-static.archive.org/_static/js/ruffle/ruffle.js]
[web-static.archive.org/_static/css/banner-styles074f.css]
[backblue.gif]
[fade.gif]
[index.html]
[web-static.archive.org/_static/css/iconochive29a7.css]
[web.archive.org/web/20150212002544cs_/http_/trashbat.co.ck/css/main.css]
[web.archive.org/web/20150212002549im_/http_/trashbat.co.ck/images/home/wasp_left.jpg]
[web.archive.org/web/20150212002546im_/http_/trashbat.co.ck/images/home/wasp_right.jpg]
[web.archive.org/web/20150212002546im_/http_/trashbat.co.ck/images/home/phone_upper_left.jpg]
[web.archive.org/web/20150212002544oe_/http_/trashbat.co.ck/home_slideshow.swf]
[web.archive.org/web/20150212002544im_/http_/trashbat.co.ck/images/home/barley_top_left.jpg]
[web.archive.org/web/20150212002546im_/http_/trashbat.co.ck/images/home/barley_top_centre.jpg]
[web.archive.org/web/20150212002549im_/http_/trashbat.co.ck/images/home/phone_lower_left.jpg]
[web.archive.org/web/20150212002550oe_/http_/trashbat.co.ck/home_button_glow.swf]
[web.archive.org/web/20150212002547im_/http_/trashbat.co.ck/images/home/phone_lower_right.jpg]
[web.archive.org/web/20150212002549im_/http_/trashbat.co.ck/images/home/barley_centre_left.jpg]
[web.archive.org/web/20150212002550im_/http_/trashbat.co.ck/images/home/nav/but_barley_lo.jpg]
[web.archive.org/web/20150212002543im_/http_/trashbat.co.ck/images/home/barley_lower_left.jpg]
[web.archive.org/web/20150212002547im_/http_/trashbat.co.ck/images/home/barley_lower_centre.jpg]
[web.archive.org/web/20150212002547im_/http_/trashbat.co.ck/images/shared/spacer.gif]
[web.archive.org/web/20150212002550im_/http_/trashbat.co.ck/images/home/nav/but_dvd_lo.jpg]
[web.archive.org/web/20150211222135/http_/www.trashbat.co.ck/index.html]
[web-static.archive.org/_static/css/banner-styles074f.css]
[web-static.archive.org/_static/css/iconochive29a7.css]
[web.archive.org/web/20150212002544cs_/http_/trashbat.co.ck/css/main.css]
[web.archive.org/web/20150909124743/http_/www.trashbat.co.ck/images/home/nav/but_barley_hi.jpg]
[web.archive.org/web/20150212002550/http_/trashbat.co.ck/images/home/nav/but_barley_lo.jpg]
[web.archive.org/web/20150909124746/http_/www.trashbat.co.ck/images/home/nav/but_dvd_hi.jpg]
[web.archive.org/web/20150212002550/http_/trashbat.co.ck/images/home/nav/but_dvd_lo.jpg]
[web.archive.org/web/20150212002543js_/http_/trashbat.co.ck/js/nav.js]
[web-static.archive.org/_static/images/web-screenshot.svg]
[web-static.archive.org/_static/fonts/Iconochive-Regular.svg]
